[INFO] Scanning for projects...
[INFO] 
[INFO] --------------------------< sosrota:backend >---------------------------
[INFO] Building backend 0.0.1-SNAPSHOT
[INFO]   from pom.xml
[INFO] --------------------------------[ jar ]---------------------------------
[INFO] 
[INFO] >>> spring-boot:4.0.0:run (default-cli) > test-compile @ backend >>>
[INFO] 
[INFO] --- resources:3.3.1:resources (default-resources) @ backend ---
[INFO] Copying 1 resource from src\main\resources to target\classes
[INFO] Copying 3 resources from src\main\resources to target\classes
[INFO] 
[INFO] --- compiler:3.14.1:compile (default-compile) @ backend ---
[INFO] Nothing to compile - all classes are up to date.
[INFO] 
[INFO] --- resources:3.3.1:testResources (default-testResources) @ backend ---
[INFO] skip non existing resourceDirectory C:\Users\CaioBrito\Projetos\02-2025-PI\backend\src\test\resources
[INFO] 
[INFO] --- compiler:3.14.1:testCompile (default-testCompile) @ backend ---
[INFO] Nothing to compile - all classes are up to date.
[INFO] 
[INFO] <<< spring-boot:4.0.0:run (default-cli) < test-compile @ backend <<<
[INFO] 
[INFO] 
[INFO] --- spring-boot:4.0.0:run (default-cli) @ backend ---
[INFO] Attaching agents: []

  .   ____          _            __ _ _
 /\\ / ___'_ __ _ _(_)_ __  __ _ \ \ \ \
( ( )\___ | '_ | '_| | '_ \/ _` | \ \ \ \
 \\/  ___)| |_)| | | | | || (_| |  ) ) ) )
  '  |____| .__|_| |_|_| |_\__, | / / / /
 =========|_|==============|___/=/_/_/_/

 :: Spring Boot ::                (v4.0.0)

2025-12-01T21:12:25.377-03:00  INFO 27088 --- [  restartedMain] sosrota.backend.BackendApplication       : Starting BackendApplication using Java 21.0.9 with PID 27088 (C:\Users\CaioBrito\Projetos\02-2025-PI\backend\target\classes started by CaioBrito in C:\Users\CaioBrito\Projetos\02-2025-PI\backend)
2025-12-01T21:12:25.389-03:00  INFO 27088 --- [  restartedMain] sosrota.backend.BackendApplication       : No active profile set, falling back to 1 default profile: "default"
2025-12-01T21:12:25.483-03:00  INFO 27088 --- [  restartedMain] .e.DevToolsPropertyDefaultsPostProcessor : Devtools property defaults active! Set 'spring.devtools.add-properties' to 'false' to disable
2025-12-01T21:12:25.483-03:00  INFO 27088 --- [  restartedMain] .e.DevToolsPropertyDefaultsPostProcessor : For additional web related logging consider setting the 'logging.level.web' property to 'DEBUG'
2025-12-01T21:12:25.509-03:00  INFO 27088 --- [  restartedMain] .s.b.d.c.l.DockerComposeLifecycleManager : Using Docker Compose file C:\Users\CaioBrito\Projetos\02-2025-PI\backend\compose.yaml
2025-12-01T21:12:27.357-03:00  INFO 27088 --- [  restartedMain] .s.b.d.c.l.DockerComposeLifecycleManager : There are already Docker Compose services running, skipping startup
2025-12-01T21:12:28.405-03:00  INFO 27088 --- [  restartedMain] .s.d.r.c.RepositoryConfigurationDelegate : Bootstrapping Spring Data JPA repositories in DEFAULT mode.
2025-12-01T21:12:28.502-03:00  INFO 27088 --- [  restartedMain] .s.d.r.c.RepositoryConfigurationDelegate : Finished Spring Data repository scanning in 80 ms. Found 1 JPA repository interface.
2025-12-01T21:12:29.388-03:00  INFO 27088 --- [  restartedMain] o.s.boot.tomcat.TomcatWebServer          : Tomcat initialized with port 8081 (http)
2025-12-01T21:12:29.410-03:00  INFO 27088 --- [  restartedMain] o.apache.catalina.core.StandardService   : Starting service [Tomcat]
2025-12-01T21:12:29.412-03:00  INFO 27088 --- [  restartedMain] o.apache.catalina.core.StandardEngine    : Starting Servlet engine: [Apache Tomcat/11.0.14]
2025-12-01T21:12:29.496-03:00  INFO 27088 --- [  restartedMain] b.w.c.s.WebApplicationContextInitializer : Root WebApplicationContext: initialization completed in 2128 ms
2025-12-01T21:12:29.663-03:00  INFO 27088 --- [  restartedMain] o.hibernate.jpa.internal.util.LogHelper  : HHH000204: Processing PersistenceUnitInfo [name: default]
2025-12-01T21:12:29.752-03:00  INFO 27088 --- [  restartedMain] org.hibernate.Version                    : HHH000412: Hibernate ORM core version 7.1.8.Final
2025-12-01T21:12:30.571-03:00  INFO 27088 --- [  restartedMain] o.s.o.j.p.SpringPersistenceUnitInfo      : No LoadTimeWeaver setup: ignoring JPA class transformer
2025-12-01T21:12:30.635-03:00  INFO 27088 --- [  restartedMain] com.zaxxer.hikari.HikariDataSource       : HikariPool-1 - Starting...
2025-12-01T21:12:30.876-03:00  INFO 27088 --- [  restartedMain] com.zaxxer.hikari.pool.HikariPool        : HikariPool-1 - Added connection org.postgresql.jdbc.PgConnection@65328af0
2025-12-01T21:12:30.878-03:00  INFO 27088 --- [  restartedMain] com.zaxxer.hikari.HikariDataSource       : HikariPool-1 - Start completed.
2025-12-01T21:12:30.925-03:00  WARN 27088 --- [  restartedMain] org.hibernate.orm.deprecation            : HHH90000025: PostgreSQLDialect does not need to be specified explicitly using 'hibernate.dialect' (remove the property setting and it will be selected by default)
2025-12-01T21:12:30.957-03:00  INFO 27088 --- [  restartedMain] org.hibernate.orm.connections.pooling    : HHH10001005: Database info:
	Database JDBC URL [jdbc:postgresql://127.0.0.1:46521/mydatabase]
	Database driver: PostgreSQL JDBC Driver
	Database dialect: PostgreSQLDialect
	Database version: 18.1
	Default catalog/schema: mydatabase/public
	Autocommit mode: undefined/unknown
	Isolation level: READ_COMMITTED [default READ_COMMITTED]
	JDBC fetch size: none
	Pool: DatasourceConnectionProviderImpl
	Minimum pool size: undefined/unknown
	Maximum pool size: undefined/unknown
2025-12-01T21:12:32.757-03:00  INFO 27088 --- [  restartedMain] o.h.e.t.j.p.i.JtaPlatformInitiator       : HHH000489: No JTA platform available (set 'hibernate.transaction.jta.platform' to enable JTA platform integration)
2025-12-01T21:12:32.771-03:00  INFO 27088 --- [  restartedMain] j.LocalContainerEntityManagerFactoryBean : Initialized JPA EntityManagerFactory for persistence unit 'default'
2025-12-01T21:12:32.883-03:00  INFO 27088 --- [  restartedMain] o.s.d.j.r.query.QueryEnhancerFactories   : Hibernate is in classpath; If applicable, HQL parser will be used.
2025-12-01T21:12:33.579-03:00 DEBUG 27088 --- [  restartedMain] o.f.c.i.s.classpath.ClassPathScanner     : Scanning for classpath resources at 'classpath:db/callback' ...
2025-12-01T21:12:33.580-03:00 DEBUG 27088 --- [  restartedMain] o.f.c.i.s.classpath.ClassPathScanner     : Determining location urls for classpath:db/callback using ClassLoader org.springframework.boot.devtools.restart.classloader.RestartClassLoader@1aed1c64 ...
2025-12-01T21:12:33.580-03:00 DEBUG 27088 --- [  restartedMain] o.f.c.i.s.classpath.ClassPathScanner     : Unable to resolve location classpath:db/callback.
2025-12-01T21:12:33.580-03:00 DEBUG 27088 --- [  restartedMain] o.f.c.i.s.classpath.ClassPathScanner     : Scanning for classpath resources at 'classpath:db/migration' ...
2025-12-01T21:12:33.580-03:00 DEBUG 27088 --- [  restartedMain] o.f.c.i.s.classpath.ClassPathScanner     : Determining location urls for classpath:db/migration using ClassLoader org.springframework.boot.devtools.restart.classloader.RestartClassLoader@1aed1c64 ...
2025-12-01T21:12:33.580-03:00 DEBUG 27088 --- [  restartedMain] o.f.c.i.s.classpath.ClassPathScanner     : Scanning URL: file:/C:/Users/CaioBrito/Projetos/02-2025-PI/backend/target/classes/db/migration
2025-12-01T21:12:33.582-03:00 DEBUG 27088 --- [  restartedMain] i.s.c.FileSystemClassPathLocationScanner : Scanning starting at classpath root in filesystem: C:\Users\CaioBrito\Projetos\02-2025-PI\backend\target\classes\
2025-12-01T21:12:33.583-03:00 DEBUG 27088 --- [  restartedMain] i.s.c.FileSystemClassPathLocationScanner : Scanning for resources in path: C:\Users\CaioBrito\Projetos\02-2025-PI\backend\target\classes\db\migration (db/migration)
2025-12-01T21:12:33.587-03:00 DEBUG 27088 --- [  restartedMain] o.f.c.i.s.classpath.ClassPathScanner     : Found resource: db/migration/V1__init.sql
2025-12-01T21:12:33.587-03:00 DEBUG 27088 --- [  restartedMain] o.f.c.i.s.classpath.ClassPathScanner     : Found resource: db/migration/V2__seed.sql
2025-12-01T21:12:33.587-03:00 DEBUG 27088 --- [  restartedMain] o.f.c.i.s.classpath.ClassPathScanner     : Found resource: db/migration/V3__add_enabled_to_usuario.sql
2025-12-01T21:12:33.588-03:00 DEBUG 27088 --- [  restartedMain] o.f.c.i.s.classpath.ClassPathScanner     : Scanning for classpath resources at 'classpath:db/migration' ...
2025-12-01T21:12:33.588-03:00 DEBUG 27088 --- [  restartedMain] o.f.c.i.s.classpath.ClassPathScanner     : Determining location urls for classpath:db/migration using ClassLoader org.springframework.boot.devtools.restart.classloader.RestartClassLoader@1aed1c64 ...
2025-12-01T21:12:33.588-03:00 DEBUG 27088 --- [  restartedMain] o.f.c.i.s.classpath.ClassPathScanner     : Scanning URL: file:/C:/Users/CaioBrito/Projetos/02-2025-PI/backend/target/classes/db/migration
2025-12-01T21:12:33.589-03:00 DEBUG 27088 --- [  restartedMain] o.f.c.i.s.classpath.ClassPathScanner     : Found resource: db/migration/V1__init.sql
2025-12-01T21:12:33.589-03:00 DEBUG 27088 --- [  restartedMain] o.f.c.i.s.classpath.ClassPathScanner     : Found resource: db/migration/V2__seed.sql
2025-12-01T21:12:33.589-03:00 DEBUG 27088 --- [  restartedMain] o.f.c.i.s.classpath.ClassPathScanner     : Found resource: db/migration/V3__add_enabled_to_usuario.sql
2025-12-01T21:12:33.589-03:00 DEBUG 27088 --- [  restartedMain] o.f.c.i.s.classpath.ClassPathScanner     : Scanning for classes at classpath:db/migration
2025-12-01T21:12:33.621-03:00 DEBUG 27088 --- [  restartedMain] o.f.c.i.resource.ResourceNameValidator   : Validating V2__seed.sql
2025-12-01T21:12:33.623-03:00 DEBUG 27088 --- [  restartedMain] o.f.c.i.resource.ResourceNameValidator   : Validating V1__init.sql
2025-12-01T21:12:33.623-03:00 DEBUG 27088 --- [  restartedMain] o.f.c.i.resource.ResourceNameValidator   : Validating V3__add_enabled_to_usuario.sql
2025-12-01T21:12:33.634-03:00 DEBUG 27088 --- [  restartedMain] o.f.c.i.database.DatabaseTypeRegister    : Multiple databases found that handle url 'jdbc:postgresql://127.0.0.1:46521/mydatabase': CockroachDB,PostgreSQL
2025-12-01T21:12:33.635-03:00  INFO 27088 --- [  restartedMain] org.flywaydb.core.FlywayExecutor         : Database: jdbc:postgresql://127.0.0.1:46521/mydatabase (PostgreSQL 18.1)
2025-12-01T21:12:33.635-03:00 DEBUG 27088 --- [  restartedMain] org.flywaydb.core.FlywayExecutor         : Database Type: PostgreSQL
2025-12-01T21:12:33.635-03:00 DEBUG 27088 --- [  restartedMain] org.flywaydb.core.FlywayExecutor         : Driver: PostgreSQL JDBC Driver 42.7.8
2025-12-01T21:12:33.635-03:00 DEBUG 27088 --- [  restartedMain] org.flywaydb.core.FlywayExecutor         : DDL Transactions Supported: true
2025-12-01T21:12:33.637-03:00 DEBUG 27088 --- [  restartedMain] o.f.c.i.s.SchemaHistoryFactory           : Schemas: public
2025-12-01T21:12:33.639-03:00 DEBUG 27088 --- [  restartedMain] o.f.c.i.s.SchemaHistoryFactory           : Default schema: null
2025-12-01T21:12:33.656-03:00 DEBUG 27088 --- [  restartedMain] org.flywaydb.core.FlywayExecutor         : Scanning for script callbacks ...
2025-12-01T21:12:33.661-03:00 DEBUG 27088 --- [  restartedMain] o.f.c.i.c.SqlScriptCallbackFactory       : Scanning for SQL callbacks ...
2025-12-01T21:12:33.675-03:00 DEBUG 27088 --- [  restartedMain] o.f.core.internal.command.DbValidate     : Validating migrations ...
2025-12-01T21:12:33.680-03:00 DEBUG 27088 --- [  restartedMain] o.f.c.a.c.ClassicConfiguration           : CherryPickConfigurationExtension not found
2025-12-01T21:12:33.704-03:00 DEBUG 27088 --- [  restartedMain] o.f.core.internal.scanner.Scanner        : Filtering out resource: db/migration/V2__seed.sql (filename: V2__seed.sql)
2025-12-01T21:12:33.705-03:00 DEBUG 27088 --- [  restartedMain] o.f.core.internal.scanner.Scanner        : Filtering out resource: db/migration/V1__init.sql (filename: V1__init.sql)
2025-12-01T21:12:33.705-03:00 DEBUG 27088 --- [  restartedMain] o.f.core.internal.scanner.Scanner        : Filtering out resource: db/migration/V3__add_enabled_to_usuario.sql (filename: V3__add_enabled_to_usuario.sql)
2025-12-01T21:12:33.706-03:00 DEBUG 27088 --- [  restartedMain] o.f.core.internal.scanner.Scanner        : Filtering out resource: db/migration/V2__seed.sql (filename: V2__seed.sql)
2025-12-01T21:12:33.706-03:00 DEBUG 27088 --- [  restartedMain] o.f.core.internal.scanner.Scanner        : Filtering out resource: db/migration/V1__init.sql (filename: V1__init.sql)
2025-12-01T21:12:33.706-03:00 DEBUG 27088 --- [  restartedMain] o.f.core.internal.scanner.Scanner        : Filtering out resource: db/migration/V3__add_enabled_to_usuario.sql (filename: V3__add_enabled_to_usuario.sql)
2025-12-01T21:12:33.708-03:00 DEBUG 27088 --- [  restartedMain] o.f.core.internal.scanner.Scanner        : Filtering out resource: db/migration/V2__seed.sql (filename: V2__seed.sql)
2025-12-01T21:12:33.709-03:00 DEBUG 27088 --- [  restartedMain] o.f.core.internal.scanner.Scanner        : Filtering out resource: db/migration/V1__init.sql (filename: V1__init.sql)
2025-12-01T21:12:33.709-03:00 DEBUG 27088 --- [  restartedMain] o.f.core.internal.scanner.Scanner        : Filtering out resource: db/migration/V3__add_enabled_to_usuario.sql (filename: V3__add_enabled_to_usuario.sql)
2025-12-01T21:12:33.709-03:00 DEBUG 27088 --- [  restartedMain] o.f.core.internal.scanner.Scanner        : Filtering out resource: db/migration/V2__seed.sql (filename: V2__seed.sql)
2025-12-01T21:12:33.709-03:00 DEBUG 27088 --- [  restartedMain] o.f.core.internal.scanner.Scanner        : Filtering out resource: db/migration/V1__init.sql (filename: V1__init.sql)
2025-12-01T21:12:33.709-03:00 DEBUG 27088 --- [  restartedMain] o.f.core.internal.scanner.Scanner        : Filtering out resource: db/migration/V3__add_enabled_to_usuario.sql (filename: V3__add_enabled_to_usuario.sql)
2025-12-01T21:12:33.749-03:00  INFO 27088 --- [  restartedMain] o.f.core.internal.command.DbValidate     : Successfully validated 3 migrations (execution time 00:00.072s)
2025-12-01T21:12:33.755-03:00 DEBUG 27088 --- [  restartedMain] o.f.core.internal.command.DbSchemas      : Skipping creation of existing schema: "public"
2025-12-01T21:12:33.775-03:00 DEBUG 27088 --- [  restartedMain] o.f.c.a.c.ClassicConfiguration           : CherryPickConfigurationExtension not found
2025-12-01T21:12:33.778-03:00  INFO 27088 --- [  restartedMain] o.f.core.internal.command.DbMigrate      : Current version of schema "public": 3
2025-12-01T21:12:33.784-03:00  INFO 27088 --- [  restartedMain] o.f.core.internal.command.DbMigrate      : Schema "public" is up to date. No migration necessary.
2025-12-01T21:12:33.795-03:00 DEBUG 27088 --- [  restartedMain] org.flywaydb.core.FlywayExecutor         : Memory usage: 31 of 96M
2025-12-01T21:12:33.879-03:00  WARN 27088 --- [  restartedMain] JpaBaseConfiguration$JpaWebConfiguration : spring.jpa.open-in-view is enabled by default. Therefore, database queries may be performed during view rendering. Explicitly configure spring.jpa.open-in-view to disable this warning
2025-12-01T21:12:33.991-03:00  INFO 27088 --- [  restartedMain] r$InitializeUserDetailsManagerConfigurer : Global AuthenticationManager configured with UserDetailsService bean with name userService
2025-12-01T21:12:34.654-03:00  WARN 27088 --- [  restartedMain] ConfigServletWebServerApplicationContext : Exception encountered during context initialization - cancelling refresh attempt: org.springframework.context.ApplicationContextException: Failed to start bean 'webServerStartStop'
2025-12-01T21:12:34.659-03:00  INFO 27088 --- [  restartedMain] j.LocalContainerEntityManagerFactoryBean : Closing JPA EntityManagerFactory for persistence unit 'default'
2025-12-01T21:12:34.662-03:00  INFO 27088 --- [  restartedMain] com.zaxxer.hikari.HikariDataSource       : HikariPool-1 - Shutdown initiated...
2025-12-01T21:12:34.672-03:00  INFO 27088 --- [  restartedMain] com.zaxxer.hikari.HikariDataSource       : HikariPool-1 - Shutdown completed.
2025-12-01T21:12:34.687-03:00  INFO 27088 --- [  restartedMain] .s.b.a.l.ConditionEvaluationReportLogger : 

Error starting ApplicationContext. To display the condition evaluation report re-run your application with 'debug' enabled.
2025-12-01T21:12:34.711-03:00 ERROR 27088 --- [  restartedMain] o.s.b.d.LoggingFailureAnalysisReporter   : 

***************************
APPLICATION FAILED TO START
***************************

Description:

Web server failed to start. Port 8081 was already in use.

Action:

Identify and stop the process that's listening on port 8081 or configure this application to listen on another port.

[INFO] ------------------------------------------------------------------------
[INFO] BUILD SUCCESS
[INFO] ------------------------------------------------------------------------
[INFO] Total time:  14.719 s
[INFO] Finished at: 2025-12-01T21:12:34-03:00
[INFO] ------------------------------------------------------------------------
